<?xml version="1.0" encoding="UTF-8"?>
<!-- Generated by org.testng.reporters.JUnitReportReporter -->
<testsuite hostname="FWS-CHE-LT-3323" failures="0" tests="1" name="topics.AllTopics" time="16.079" errors="0" timestamp="2022-10-08T20:32:45 IST" skipped="0">
  <testcase classname="topics.AllTopics" name="learnPlaywright" time="16.079"/>
  <system-out/>
</testsuite> <!-- topics.AllTopics -->
